This file contains any messages produced by compilers while
running configure, to aid debugging if configure makes a mistake.

It was created by R2GUESS configure 2.0, which was
generated by GNU Autoconf 2.69.  Invocation command line was

  $ ./configure 

## --------- ##
## Platform. ##
## --------- ##

hostname = MBP-de-Helene
uname -m = x86_64
uname -r = 18.7.0
uname -s = Darwin
uname -v = Darwin Kernel Version 18.7.0: Tue Nov 10 00:07:31 PST 2020; root:xnu-4903.278.51~1/RELEASE_X86_64

/usr/bin/uname -p = i386
/bin/uname -X     = unknown

/bin/arch              = unknown
/usr/bin/arch -k       = unknown
/usr/convex/getsysinfo = unknown
/usr/bin/hostinfo      = Mach kernel version:
	 Darwin Kernel Version 18.7.0: Tue Nov 10 00:07:31 PST 2020; root:xnu-4903.278.51~1/RELEASE_X86_64
Kernel configured for up to 8 processors.
4 processors are physically available.
8 processors are logically available.
Processor type: i486 (Intel 80486)
Processors active: 0 1 2 3 4 5 6 7
Primary memory available: 16.00 gigabytes
Default processor set: 427 tasks, 2269 threads, 8 processors
Load average: 3.02, Mach factor: 4.97
/bin/machine           = unknown
/usr/bin/oslevel       = unknown
/bin/universe          = unknown

PATH: /usr/bin
PATH: /bin
PATH: /usr/sbin
PATH: /sbin
PATH: /usr/local/bin
PATH: /Library/TeX/texbin
PATH: /opt/X11/bin
PATH: /opt/local/bin
PATH: /Applications/RStudio.app/Contents/MacOS/postback


## ----------- ##
## Core tests. ##
## ----------- ##

configure:1973: checking for C++ compiler version
configure:1982: clang++ --version >&5
Apple clang version 11.0.0 (clang-1100.0.33.17)
Target: x86_64-apple-darwin18.7.0
Thread model: posix
InstalledDir: /Applications/Xcode.app/Contents/Developer/Toolchains/XcodeDefault.xctoolchain/usr/bin
configure:1993: $? = 0
configure:1982: clang++ -v >&5
Apple clang version 11.0.0 (clang-1100.0.33.17)
Target: x86_64-apple-darwin18.7.0
Thread model: posix
InstalledDir: /Applications/Xcode.app/Contents/Developer/Toolchains/XcodeDefault.xctoolchain/usr/bin
configure:1993: $? = 0
configure:1982: clang++ -V >&5
clang: error: unsupported option '-V -Wno-framework-include-private-from-public'
clang: error: no input files
configure:1993: $? = 1
configure:1982: clang++ -qversion >&5
clang: error: unknown argument '-qversion', did you mean '--version'?
clang: error: no input files
configure:1993: $? = 1
configure:2013: checking whether the C++ compiler works
configure:2035: clang++ -Wall -g -O2   conftest.cpp  >&5
configure:2039: $? = 0
configure:2087: result: yes
configure:2090: checking for C++ compiler default output file name
configure:2092: result: a.out
configure:2098: checking for suffix of executables
configure:2105: clang++ -o conftest -Wall -g -O2   conftest.cpp  >&5
configure:2109: $? = 0
configure:2131: result: 
configure:2153: checking whether we are cross compiling
configure:2161: clang++ -o conftest -Wall -g -O2   conftest.cpp  >&5
configure:2165: $? = 0
configure:2172: ./conftest
configure:2176: $? = 0
configure:2191: result: no
configure:2196: checking for suffix of object files
configure:2218: clang++ -c -Wall -g -O2  conftest.cpp >&5
configure:2222: $? = 0
configure:2243: result: o
configure:2247: checking whether we are using the GNU C++ compiler
configure:2266: clang++ -c -Wall -g -O2  conftest.cpp >&5
configure:2266: $? = 0
configure:2275: result: yes
configure:2284: checking whether clang++ accepts -g
configure:2304: clang++ -c -g  conftest.cpp >&5
configure:2304: $? = 0
configure:2345: result: yes
configure:2405: checking for gsl-config
configure:2423: found /usr/local/bin/gsl-config
configure:2436: result: /usr/local/bin/gsl-config
configure:2445: checking for GSL - version >= 1.12
configure:2539: clang++ -o conftest -Wall -g -O2   conftest.cpp  -L/usr/local/Cellar/gsl/2.5/lib -lgsl -lgslcblas >&5
configure:2539: $? = 0
configure:2539: ./conftest
configure:2539: $? = 0
configure:2553: result: yes
configure:2620: checking whether CULA is installed
configure:2659: clang++ -o conftest -Wall -g -O2  -I/usr/local/Cellar/gsl/2.5/include   -L/usr/local/Cellar/gsl/2.5/lib -lgsl -lgslcblas conftest.cpp   >&5
conftest.cpp:9:10: fatal error: 'cula.h' file not found
#include <cula.h>
         ^~~~~~~~
1 error generated.
configure:2659: $? = 1
configure: failed program was:
| /* confdefs.h */
| #define PACKAGE_NAME "R2GUESS"
| #define PACKAGE_TARNAME "r2guess"
| #define PACKAGE_VERSION "2.0"
| #define PACKAGE_STRING "R2GUESS 2.0"
| #define PACKAGE_BUGREPORT ""
| #define PACKAGE_URL ""
| /* end confdefs.h.  */
| #include <cula.h>
| int
| main ()
| {
| culaStatus status = culaInitialize();
|   ;
|   return 0;
| }
configure:2676: result: no
configure:2844: creating ./config.status

## ---------------------- ##
## Running config.status. ##
## ---------------------- ##

This file was extended by R2GUESS config.status 2.0, which was
generated by GNU Autoconf 2.69.  Invocation command line was

  CONFIG_FILES    = 
  CONFIG_HEADERS  = 
  CONFIG_LINKS    = 
  CONFIG_COMMANDS = 
  $ ./config.status 

on MBP-de-Helene

config.status:723: creating src/Makevars

## ---------------- ##
## Cache variables. ##
## ---------------- ##

ac_cv_cxx_compiler_gnu=yes
ac_cv_env_CCC_set=
ac_cv_env_CCC_value=
ac_cv_env_CPPFLAGS_set=
ac_cv_env_CPPFLAGS_value=
ac_cv_env_CXXFLAGS_set=
ac_cv_env_CXXFLAGS_value=
ac_cv_env_CXX_set=
ac_cv_env_CXX_value=
ac_cv_env_LDFLAGS_set=
ac_cv_env_LDFLAGS_value=
ac_cv_env_LIBS_set=
ac_cv_env_LIBS_value=
ac_cv_env_build_alias_set=
ac_cv_env_build_alias_value=
ac_cv_env_host_alias_set=
ac_cv_env_host_alias_value=
ac_cv_env_target_alias_set=
ac_cv_env_target_alias_value=
ac_cv_objext=o
ac_cv_path_GSL_CONFIG=/usr/local/bin/gsl-config
ac_cv_prog_cxx_g=yes

## ----------------- ##
## Output variables. ##
## ----------------- ##

CPPFLAGS=' -I/usr/local/Cellar/gsl/2.5/include'
CXX='clang++'
CXXFLAGS='-Wall -g -O2'
DEFS='-DPACKAGE_NAME=\"R2GUESS\" -DPACKAGE_TARNAME=\"r2guess\" -DPACKAGE_VERSION=\"2.0\" -DPACKAGE_STRING=\"R2GUESS\ 2.0\" -DPACKAGE_BUGREPORT=\"\" -DPACKAGE_URL=\"\"'
ECHO_C='\c'
ECHO_N=''
ECHO_T=''
EXEEXT=''
GSL_CFLAGS='-I/usr/local/Cellar/gsl/2.5/include'
GSL_CONFIG='/usr/local/bin/gsl-config'
GSL_LIBS='-L/usr/local/Cellar/gsl/2.5/lib -lgsl -lgslcblas'
LDFLAGS=' -L/usr/local/Cellar/gsl/2.5/lib -lgsl -lgslcblas'
LIBOBJS=''
LIBS=''
LTLIBOBJS=''
OBJEXT='o'
PACKAGE_BUGREPORT=''
PACKAGE_NAME='R2GUESS'
PACKAGE_STRING='R2GUESS 2.0'
PACKAGE_TARNAME='r2guess'
PACKAGE_URL=''
PACKAGE_VERSION='2.0'
PATH_SEPARATOR=':'
SHELL='/bin/sh'
ac_ct_CXX=''
bindir='${exec_prefix}/bin'
build_alias=''
datadir='${datarootdir}'
datarootdir='${prefix}/share'
docdir='${datarootdir}/doc/${PACKAGE_TARNAME}'
dvidir='${docdir}'
exec_prefix='${prefix}'
host_alias=''
htmldir='${docdir}'
includedir='${prefix}/include'
infodir='${datarootdir}/info'
libdir='${exec_prefix}/lib'
libexecdir='${exec_prefix}/libexec'
localedir='${datarootdir}/locale'
localstatedir='${prefix}/var'
mandir='${datarootdir}/man'
oldincludedir='/usr/include'
pdfdir='${docdir}'
prefix='/usr/local'
program_transform_name='s,x,x,'
psdir='${docdir}'
runstatedir='${localstatedir}/run'
sbindir='${exec_prefix}/sbin'
sharedstatedir='${prefix}/com'
sysconfdir='${prefix}/etc'
target_alias=''

## ----------- ##
## confdefs.h. ##
## ----------- ##

/* confdefs.h */
#define PACKAGE_NAME "R2GUESS"
#define PACKAGE_TARNAME "r2guess"
#define PACKAGE_VERSION "2.0"
#define PACKAGE_STRING "R2GUESS 2.0"
#define PACKAGE_BUGREPORT ""
#define PACKAGE_URL ""

configure: exit 0
